Using pre-set license
Built from '2020.3/staging' branch; Version is '2020.3.11f1 (99c7afb366b3) revision 10078127'; Using compiler version '192528614'; Build Type 'Release'
OS: 'Windows 10 Home; OS build 19044.1706; Version 2009; 64bit' Language: 'en' Physical Memory: 16268 MB
BatchMode: 1, IsHumanControllingUs: 0, StartBugReporterOnCrash: 0, Is64bit: 1, IsPro: 0

 COMMAND LINE ARGUMENTS:
C:\Program Files\Unity\Hub\Editor\2020.3.11f1\Editor\Unity.exe
-adb2
-batchMode
-noUpm
-name
AssetImportWorker3
-projectPath
E:/Unity game clasa a XI/LowOxygen/LowOxygen_ProiectUnity
-logFile
Logs/AssetImportWorker3.log
-srvPort
59206
Successfully changed project path to: E:/Unity game clasa a XI/LowOxygen/LowOxygen_ProiectUnity
E:/Unity game clasa a XI/LowOxygen/LowOxygen_ProiectUnity
Using Asset Import Pipeline V2.
Refreshing native plugins compatible for Editor in 137.82 ms, found 3 plugins.
Preloading 0 native plugins for Editor in 0.00 ms.
Initialize engine version: 2020.3.11f1 (99c7afb366b3)
[Subsystems] Discovering subsystems at path C:/Program Files/Unity/Hub/Editor/2020.3.11f1/Editor/Data/Resources/UnitySubsystems
[Subsystems] Discovering subsystems at path E:/Unity game clasa a XI/LowOxygen/LowOxygen_ProiectUnity/Assets
GfxDevice: creating device client; threaded=0
Direct3D:
    Version:  Direct3D 11.0 [level 11.1]
    Renderer: NVIDIA GeForce GTX 1050 Ti (ID=0x1c8c)
    Vendor:   
    VRAM:     4021 MB
    Driver:   30.0.15.1215
Initialize mono
Mono path[0] = 'C:/Program Files/Unity/Hub/Editor/2020.3.11f1/Editor/Data/Managed'
Mono path[1] = 'C:/Program Files/Unity/Hub/Editor/2020.3.11f1/Editor/Data/MonoBleedingEdge/lib/mono/unityjit'
Mono config path = 'C:/Program Files/Unity/Hub/Editor/2020.3.11f1/Editor/Data/MonoBleedingEdge/etc'
Using monoOptions --debugger-agent=transport=dt_socket,embedding=1,server=y,suspend=n,address=127.0.0.1:56560
Begin MonoManager ReloadAssembly
Registering precompiled unity dll's ...
Register platform support module: C:/Program Files/Unity/Hub/Editor/2020.3.11f1/Editor/Data/PlaybackEngines/WindowsStandaloneSupport/UnityEditor.WindowsStandalone.Extensions.dll
Registered in 0.004624 seconds.
Native extension for WindowsStandalone target not found
Refreshing native plugins compatible for Editor in 87.88 ms, found 3 plugins.
Preloading 0 native plugins for Editor in 0.00 ms.
Mono: successfully reloaded assembly
- Completed reload, in  4.720 seconds
Platform modules already initialized, skipping
Registering precompiled user dll's ...
Registered in 0.007806 seconds.
Begin MonoManager ReloadAssembly
Native extension for WindowsStandalone target not found
Refreshing native plugins compatible for Editor in 94.04 ms, found 3 plugins.
Preloading 0 native plugins for Editor in 0.00 ms.
Mono: successfully reloaded assembly
- Completed reload, in  1.839 seconds
Platform modules already initialized, skipping
========================================================================
Worker process is ready to serve import requests
Shader 'Universal Render Pipeline/Particles/Lit': fallback shader 'Universal Render Pipeline/Particles/SimpleLit' not found
Shader 'Universal Render Pipeline/Particles/Lit': fallback shader 'Universal Render Pipeline/Particles/SimpleLit' not found
Launched and connected shader compiler UnityShaderCompiler.exe after 0.26 seconds
Refreshing native plugins compatible for Editor in 1.07 ms, found 3 plugins.
Preloading 0 native plugins for Editor in 0.00 ms.
Unloading 3302 Unused Serialized files (Serialized files now loaded: 0)
System memory in use before: 145.5 MB.
System memory in use after: 142.8 MB.

Unloading 59 unused Assets to reduce memory usage. Loaded Objects now: 3709.
Total: 6.323300 ms (FindLiveObjects: 0.469900 ms CreateObjectMapping: 0.428800 ms MarkObjects: 3.303500 ms  DeleteObjects: 2.119200 ms)

========================================================================
Received Prepare
Registering precompiled user dll's ...
Registered in 0.010609 seconds.
Begin MonoManager ReloadAssembly
Native extension for WindowsStandalone target not found
Refreshing native plugins compatible for Editor in 0.72 ms, found 3 plugins.
Preloading 0 native plugins for Editor in 0.00 ms.
Mono: successfully reloaded assembly
- Completed reload, in  1.711 seconds
Platform modules already initialized, skipping
Shader 'Universal Render Pipeline/Particles/Lit': fallback shader 'Universal Render Pipeline/Particles/SimpleLit' not found
Shader 'Universal Render Pipeline/Particles/Lit': fallback shader 'Universal Render Pipeline/Particles/SimpleLit' not found
Refreshing native plugins compatible for Editor in 1.08 ms, found 3 plugins.
Preloading 0 native plugins for Editor in 0.00 ms.
Unloading 3202 Unused Serialized files (Serialized files now loaded: 0)
System memory in use before: 139.6 MB.
System memory in use after: 136.9 MB.

Unloading 48 unused Assets to reduce memory usage. Loaded Objects now: 3712.
Total: 5.240200 ms (FindLiveObjects: 0.472100 ms CreateObjectMapping: 0.231400 ms MarkObjects: 2.801900 ms  DeleteObjects: 1.732800 ms)

========================================================================
Received Import Request.
  path: Assets/GAME/Scenes/Main Menu.unity
  artifactKey: Guid(b7d4ab6c0bcc2cf4fa0c8db425163512) Importer(815301076,1909f56bfc062723c751e8b465ee728b)
Start importing Assets/GAME/Scenes/Main Menu.unity using Guid(b7d4ab6c0bcc2cf4fa0c8db425163512) Importer(815301076,1909f56bfc062723c751e8b465ee728b)  -> (artifact id: 'd559dac0bce8432e7341eb0c5da3e35a') in 0.026934 seconds
  Import took 0.040786 seconds .

========================================================================
Received Import Request.
  Time since last request: 0.121868 seconds.
  path: Assets/GAME/Scenes/Main Menu.unity
  artifactKey: Guid(b7d4ab6c0bcc2cf4fa0c8db425163512) Importer(815301076,1909f56bfc062723c751e8b465ee728b)
Start importing Assets/GAME/Scenes/Main Menu.unity using Guid(b7d4ab6c0bcc2cf4fa0c8db425163512) Importer(815301076,1909f56bfc062723c751e8b465ee728b)  -> (artifact id: 'd559dac0bce8432e7341eb0c5da3e35a') in 0.010783 seconds
  Import took 0.019653 seconds .

========================================================================
Received Prepare
Registering precompiled user dll's ...
Registered in 0.008368 seconds.
Begin MonoManager ReloadAssembly
Native extension for WindowsStandalone target not found
Refreshing native plugins compatible for Editor in 2.02 ms, found 3 plugins.
Preloading 0 native plugins for Editor in 0.00 ms.
Mono: successfully reloaded assembly
- Completed reload, in  1.833 seconds
Platform modules already initialized, skipping
Shader 'Universal Render Pipeline/Particles/Lit': fallback shader 'Universal Render Pipeline/Particles/SimpleLit' not found
Shader 'Universal Render Pipeline/Particles/Lit': fallback shader 'Universal Render Pipeline/Particles/SimpleLit' not found
Refreshing native plugins compatible for Editor in 0.69 ms, found 3 plugins.
Preloading 0 native plugins for Editor in 0.00 ms.
Unloading 3202 Unused Serialized files (Serialized files now loaded: 0)
System memory in use before: 139.7 MB.
System memory in use after: 137.0 MB.

Unloading 48 unused Assets to reduce memory usage. Loaded Objects now: 3715.
Total: 6.622300 ms (FindLiveObjects: 0.569800 ms CreateObjectMapping: 0.286200 ms MarkObjects: 4.185200 ms  DeleteObjects: 1.579700 ms)

========================================================================
Received Prepare
Shader 'Universal Render Pipeline/Particles/Lit': fallback shader 'Universal Render Pipeline/Particles/SimpleLit' not found
Shader 'Universal Render Pipeline/Particles/Lit': fallback shader 'Universal Render Pipeline/Particles/SimpleLit' not found
Refreshing native plugins compatible for Editor in 4.11 ms, found 3 plugins.
Preloading 0 native plugins for Editor in 0.00 ms.
Unloading 45 Unused Serialized files (Serialized files now loaded: 0)
System memory in use before: 77.3 MB.
System memory in use after: 74.6 MB.

Unloading 45 unused Assets to reduce memory usage. Loaded Objects now: 3715.
Total: 4.814700 ms (FindLiveObjects: 0.299100 ms CreateObjectMapping: 0.210400 ms MarkObjects: 2.637000 ms  DeleteObjects: 1.667400 ms)

========================================================================
Received Import Request.
  Time since last request: 201.369478 seconds.
  path: Assets/GAME/Scenes/StoryGenerator.unity
  artifactKey: Guid(ef8ebecb71486cd4a9a30a3a353bdfad) Importer(815301076,1909f56bfc062723c751e8b465ee728b)
Start importing Assets/GAME/Scenes/StoryGenerator.unity using Guid(ef8ebecb71486cd4a9a30a3a353bdfad) Importer(815301076,1909f56bfc062723c751e8b465ee728b)  -> (artifact id: '3d0726431c1b13a3b40fbb22360bdcc8') in 0.028647 seconds
  Import took 0.037780 seconds .

========================================================================
Received Prepare
Registering precompiled user dll's ...
Registered in 0.005358 seconds.
Begin MonoManager ReloadAssembly
Native extension for WindowsStandalone target not found
Refreshing native plugins compatible for Editor in 0.68 ms, found 3 plugins.
Preloading 0 native plugins for Editor in 0.00 ms.
Mono: successfully reloaded assembly
- Completed reload, in  1.533 seconds
Platform modules already initialized, skipping
Shader 'Universal Render Pipeline/Particles/Lit': fallback shader 'Universal Render Pipeline/Particles/SimpleLit' not found
Shader 'Universal Render Pipeline/Particles/Lit': fallback shader 'Universal Render Pipeline/Particles/SimpleLit' not found
Refreshing native plugins compatible for Editor in 0.73 ms, found 3 plugins.
Preloading 0 native plugins for Editor in 0.00 ms.
Unloading 3202 Unused Serialized files (Serialized files now loaded: 0)
System memory in use before: 139.8 MB.
System memory in use after: 137.0 MB.

Unloading 48 unused Assets to reduce memory usage. Loaded Objects now: 3718.
Total: 4.544800 ms (FindLiveObjects: 0.311500 ms CreateObjectMapping: 0.156900 ms MarkObjects: 2.476300 ms  DeleteObjects: 1.598900 ms)

========================================================================
Received Import Request.
  Time since last request: 777.196282 seconds.
  path: Assets/GAME/Scenes/Main Menu.unity
  artifactKey: Guid(b7d4ab6c0bcc2cf4fa0c8db425163512) Importer(815301076,1909f56bfc062723c751e8b465ee728b)
Start importing Assets/GAME/Scenes/Main Menu.unity using Guid(b7d4ab6c0bcc2cf4fa0c8db425163512) Importer(815301076,1909f56bfc062723c751e8b465ee728b)  -> (artifact id: '5835b05dbee0dafd1de05b40407cdaa5') in 0.046631 seconds
  Import took 0.058334 seconds .

========================================================================
Received Prepare
Registering precompiled user dll's ...
Registered in 0.009283 seconds.
Begin MonoManager ReloadAssembly
Native extension for WindowsStandalone target not found
Refreshing native plugins compatible for Editor in 0.93 ms, found 3 plugins.
Preloading 0 native plugins for Editor in 0.00 ms.
Mono: successfully reloaded assembly
- Completed reload, in  1.674 seconds
Platform modules already initialized, skipping
Shader 'Universal Render Pipeline/Particles/Lit': fallback shader 'Universal Render Pipeline/Particles/SimpleLit' not found
Shader 'Universal Render Pipeline/Particles/Lit': fallback shader 'Universal Render Pipeline/Particles/SimpleLit' not found
Refreshing native plugins compatible for Editor in 0.65 ms, found 3 plugins.
Preloading 0 native plugins for Editor in 0.00 ms.
Unloading 3202 Unused Serialized files (Serialized files now loaded: 0)
System memory in use before: 139.8 MB.
System memory in use after: 137.0 MB.

Unloading 48 unused Assets to reduce memory usage. Loaded Objects now: 3721.
Total: 5.045300 ms (FindLiveObjects: 0.299200 ms CreateObjectMapping: 0.128900 ms MarkObjects: 2.800600 ms  DeleteObjects: 1.815600 ms)

========================================================================
Received Prepare
Registering precompiled user dll's ...
Registered in 0.008418 seconds.
Begin MonoManager ReloadAssembly
Native extension for WindowsStandalone target not found
Refreshing native plugins compatible for Editor in 0.90 ms, found 3 plugins.
Preloading 0 native plugins for Editor in 0.00 ms.
Mono: successfully reloaded assembly
- Completed reload, in  2.145 seconds
Platform modules already initialized, skipping
Shader 'Universal Render Pipeline/Particles/Lit': fallback shader 'Universal Render Pipeline/Particles/SimpleLit' not found
Shader 'Universal Render Pipeline/Particles/Lit': fallback shader 'Universal Render Pipeline/Particles/SimpleLit' not found
Refreshing native plugins compatible for Editor in 0.97 ms, found 3 plugins.
Preloading 0 native plugins for Editor in 0.00 ms.
Unloading 3202 Unused Serialized files (Serialized files now loaded: 0)
System memory in use before: 139.7 MB.
System memory in use after: 137.0 MB.

Unloading 48 unused Assets to reduce memory usage. Loaded Objects now: 3724.
Total: 7.474500 ms (FindLiveObjects: 0.432500 ms CreateObjectMapping: 0.211800 ms MarkObjects: 3.880600 ms  DeleteObjects: 2.947800 ms)

========================================================================
Received Prepare
Registering precompiled user dll's ...
Registered in 0.005796 seconds.
Begin MonoManager ReloadAssembly
Native extension for WindowsStandalone target not found
Refreshing native plugins compatible for Editor in 0.70 ms, found 3 plugins.
Preloading 0 native plugins for Editor in 0.00 ms.
Mono: successfully reloaded assembly
- Completed reload, in  1.394 seconds
Platform modules already initialized, skipping
Shader 'Universal Render Pipeline/Particles/Lit': fallback shader 'Universal Render Pipeline/Particles/SimpleLit' not found
Shader 'Universal Render Pipeline/Particles/Lit': fallback shader 'Universal Render Pipeline/Particles/SimpleLit' not found
Refreshing native plugins compatible for Editor in 1.85 ms, found 3 plugins.
Preloading 0 native plugins for Editor in 0.00 ms.
Unloading 3202 Unused Serialized files (Serialized files now loaded: 0)
System memory in use before: 139.7 MB.
System memory in use after: 137.0 MB.

Unloading 48 unused Assets to reduce memory usage. Loaded Objects now: 3727.
Total: 6.138200 ms (FindLiveObjects: 0.615900 ms CreateObjectMapping: 0.387500 ms MarkObjects: 3.231400 ms  DeleteObjects: 1.902000 ms)

========================================================================
Received Prepare
Registering precompiled user dll's ...
Registered in 0.006870 seconds.
Begin MonoManager ReloadAssembly
Native extension for WindowsStandalone target not found
Refreshing native plugins compatible for Editor in 0.73 ms, found 3 plugins.
Preloading 0 native plugins for Editor in 0.00 ms.
Mono: successfully reloaded assembly
- Completed reload, in  1.357 seconds
Platform modules already initialized, skipping
Shader 'Universal Render Pipeline/Particles/Lit': fallback shader 'Universal Render Pipeline/Particles/SimpleLit' not found
Shader 'Universal Render Pipeline/Particles/Lit': fallback shader 'Universal Render Pipeline/Particles/SimpleLit' not found
Refreshing native plugins compatible for Editor in 0.72 ms, found 3 plugins.
Preloading 0 native plugins for Editor in 0.00 ms.
Unloading 3202 Unused Serialized files (Serialized files now loaded: 0)
System memory in use before: 139.8 MB.
System memory in use after: 137.1 MB.

Unloading 48 unused Assets to reduce memory usage. Loaded Objects now: 3730.
Total: 7.071100 ms (FindLiveObjects: 0.355800 ms CreateObjectMapping: 0.169800 ms MarkObjects: 4.557600 ms  DeleteObjects: 1.986200 ms)

========================================================================
Received Import Request.
  Time since last request: 422.529533 seconds.
  path: Assets/GAME/Prefabs/Objects/Spawn Point.prefab
  artifactKey: Guid(c2059fdd6e6c09c46a288120515a99a0) Importer(815301076,1909f56bfc062723c751e8b465ee728b)
Start importing Assets/GAME/Prefabs/Objects/Spawn Point.prefab using Guid(c2059fdd6e6c09c46a288120515a99a0) Importer(815301076,1909f56bfc062723c751e8b465ee728b)  -> (artifact id: '21c80bc7b0e6d64fec6479c46c2685e3') in 0.285713 seconds
  Import took 0.292323 seconds .

========================================================================
Received Import Request.
  Time since last request: 4.914420 seconds.
  path: Assets/GAME/Prefabs/Objects/Spawn Point 1.prefab
  artifactKey: Guid(b04db3554a88e1e4cac7d04e640f0843) Importer(815301076,1909f56bfc062723c751e8b465ee728b)
Start importing Assets/GAME/Prefabs/Objects/Spawn Point 1.prefab using Guid(b04db3554a88e1e4cac7d04e640f0843) Importer(815301076,1909f56bfc062723c751e8b465ee728b)  -> (artifact id: 'a7264bfed9d565c8153e77fca7d0a908') in 0.018812 seconds
  Import took 0.028228 seconds .

========================================================================
Received Import Request.
  Time since last request: 139.792733 seconds.
  path: Assets/GAME/Scripts/Misc/FinishLine.cs
  artifactKey: Guid(52225c05e0ac9d546868a08cc6ba1c14) Importer(815301076,1909f56bfc062723c751e8b465ee728b)
Start importing Assets/GAME/Scripts/Misc/FinishLine.cs using Guid(52225c05e0ac9d546868a08cc6ba1c14) Importer(815301076,1909f56bfc062723c751e8b465ee728b)  -> (artifact id: '89398419de03cefde7cfca667654b1e3') in 0.017223 seconds
  Import took 0.027953 seconds .

========================================================================
Received Prepare
Registering precompiled user dll's ...
Registered in 0.008251 seconds.
Begin MonoManager ReloadAssembly
Native extension for WindowsStandalone target not found
Refreshing native plugins compatible for Editor in 1.08 ms, found 3 plugins.
Preloading 0 native plugins for Editor in 0.00 ms.
Mono: successfully reloaded assembly
- Completed reload, in  1.680 seconds
Platform modules already initialized, skipping
Shader 'Universal Render Pipeline/Particles/Lit': fallback shader 'Universal Render Pipeline/Particles/SimpleLit' not found
Shader 'Universal Render Pipeline/Particles/Lit': fallback shader 'Universal Render Pipeline/Particles/SimpleLit' not found
Refreshing native plugins compatible for Editor in 0.70 ms, found 3 plugins.
Preloading 0 native plugins for Editor in 0.00 ms.
Unloading 3203 Unused Serialized files (Serialized files now loaded: 0)
System memory in use before: 144.9 MB.
System memory in use after: 142.3 MB.

Unloading 48 unused Assets to reduce memory usage. Loaded Objects now: 3779.
Total: 4.225300 ms (FindLiveObjects: 0.302100 ms CreateObjectMapping: 0.163000 ms MarkObjects: 2.332400 ms  DeleteObjects: 1.426500 ms)

========================================================================
Received Prepare
Registering precompiled user dll's ...
Registered in 0.007537 seconds.
Begin MonoManager ReloadAssembly
Native extension for WindowsStandalone target not found
Refreshing native plugins compatible for Editor in 0.72 ms, found 3 plugins.
Preloading 0 native plugins for Editor in 0.00 ms.
Mono: successfully reloaded assembly
- Completed reload, in  1.488 seconds
Platform modules already initialized, skipping
Shader 'Universal Render Pipeline/Particles/Lit': fallback shader 'Universal Render Pipeline/Particles/SimpleLit' not found
Shader 'Universal Render Pipeline/Particles/Lit': fallback shader 'Universal Render Pipeline/Particles/SimpleLit' not found
Refreshing native plugins compatible for Editor in 0.65 ms, found 3 plugins.
Preloading 0 native plugins for Editor in 0.00 ms.
Unloading 3203 Unused Serialized files (Serialized files now loaded: 0)
System memory in use before: 145.0 MB.
System memory in use after: 142.3 MB.

Unloading 48 unused Assets to reduce memory usage. Loaded Objects now: 3782.
Total: 5.613400 ms (FindLiveObjects: 0.315900 ms CreateObjectMapping: 0.152000 ms MarkObjects: 3.612700 ms  DeleteObjects: 1.531600 ms)

========================================================================
Received Import Request.
  Time since last request: 36.943078 seconds.
  path: Assets/GAME/Scripts/Misc/FinishLine.cs
  artifactKey: Guid(52225c05e0ac9d546868a08cc6ba1c14) Importer(815301076,1909f56bfc062723c751e8b465ee728b)
Start importing Assets/GAME/Scripts/Misc/FinishLine.cs using Guid(52225c05e0ac9d546868a08cc6ba1c14) Importer(815301076,1909f56bfc062723c751e8b465ee728b)  -> (artifact id: 'f6dc2925f69d351fe555ed8491e4c5e6') in 0.007966 seconds
  Import took 0.014254 seconds .

========================================================================
Received Import Request.
  Time since last request: 20.961808 seconds.
  path: Assets/GAME/Scenes/ModScene.unity
  artifactKey: Guid(6ad369c1ad17c5e45a53749b7fdaef53) Importer(815301076,1909f56bfc062723c751e8b465ee728b)
Start importing Assets/GAME/Scenes/ModScene.unity using Guid(6ad369c1ad17c5e45a53749b7fdaef53) Importer(815301076,1909f56bfc062723c751e8b465ee728b)  -> (artifact id: '0090b00fe2e5d136702782d680af79f0') in 0.024404 seconds
  Import took 0.031329 seconds .

========================================================================
Received Import Request.
  Time since last request: 29.311153 seconds.
  path: Assets/GAME/Scripts/Misc/ModWinManager.cs
  artifactKey: Guid(c4f05861108c0cb4db1145c4f4b5a8c1) Importer(815301076,1909f56bfc062723c751e8b465ee728b)
Start importing Assets/GAME/Scripts/Misc/ModWinManager.cs using Guid(c4f05861108c0cb4db1145c4f4b5a8c1) Importer(815301076,1909f56bfc062723c751e8b465ee728b)  -> (artifact id: '7eb898cdbca99f75679223d7bfd1e734') in 0.019383 seconds
  Import took 0.028783 seconds .

========================================================================
Received Import Request.
  Time since last request: 0.011069 seconds.
  path: Assets/GAME/Scripts/Misc/ModWinManager.cs
  artifactKey: Guid(c4f05861108c0cb4db1145c4f4b5a8c1) Importer(815301076,1909f56bfc062723c751e8b465ee728b)
Start importing Assets/GAME/Scripts/Misc/ModWinManager.cs using Guid(c4f05861108c0cb4db1145c4f4b5a8c1) Importer(815301076,1909f56bfc062723c751e8b465ee728b)  -> (artifact id: '7eb898cdbca99f75679223d7bfd1e734') in 0.007020 seconds
  Import took 0.019960 seconds .

========================================================================
Received Prepare
Registering precompiled user dll's ...
Registered in 0.005449 seconds.
Begin MonoManager ReloadAssembly
Native extension for WindowsStandalone target not found
Refreshing native plugins compatible for Editor in 1.27 ms, found 3 plugins.
Preloading 0 native plugins for Editor in 0.00 ms.
Mono: successfully reloaded assembly
- Completed reload, in  1.478 seconds
Platform modules already initialized, skipping
Shader 'Universal Render Pipeline/Particles/Lit': fallback shader 'Universal Render Pipeline/Particles/SimpleLit' not found
Shader 'Universal Render Pipeline/Particles/Lit': fallback shader 'Universal Render Pipeline/Particles/SimpleLit' not found
Refreshing native plugins compatible for Editor in 0.71 ms, found 3 plugins.
Preloading 0 native plugins for Editor in 0.00 ms.
Unloading 3204 Unused Serialized files (Serialized files now loaded: 0)
System memory in use before: 145.0 MB.
System memory in use after: 142.3 MB.

Unloading 48 unused Assets to reduce memory usage. Loaded Objects now: 3786.
Total: 4.758200 ms (FindLiveObjects: 0.317500 ms CreateObjectMapping: 0.140500 ms MarkObjects: 2.680300 ms  DeleteObjects: 1.618900 ms)

========================================================================
Received Prepare
Registering precompiled user dll's ...
Registered in 0.009587 seconds.
Begin MonoManager ReloadAssembly
Native extension for WindowsStandalone target not found
Refreshing native plugins compatible for Editor in 0.68 ms, found 3 plugins.
Preloading 0 native plugins for Editor in 0.00 ms.
Mono: successfully reloaded assembly
- Completed reload, in  1.740 seconds
Platform modules already initialized, skipping
Shader 'Universal Render Pipeline/Particles/Lit': fallback shader 'Universal Render Pipeline/Particles/SimpleLit' not found
Shader 'Universal Render Pipeline/Particles/Lit': fallback shader 'Universal Render Pipeline/Particles/SimpleLit' not found
Refreshing native plugins compatible for Editor in 0.68 ms, found 3 plugins.
Preloading 0 native plugins for Editor in 0.00 ms.
Unloading 3204 Unused Serialized files (Serialized files now loaded: 0)
System memory in use before: 145.0 MB.
System memory in use after: 142.3 MB.

Unloading 48 unused Assets to reduce memory usage. Loaded Objects now: 3789.
Total: 7.236100 ms (FindLiveObjects: 0.594500 ms CreateObjectMapping: 0.246900 ms MarkObjects: 3.898500 ms  DeleteObjects: 2.494200 ms)

========================================================================
Received Import Request.
  Time since last request: 146.711252 seconds.
  path: Assets/GAME/Scripts/Misc/ModWinManager.cs
  artifactKey: Guid(c4f05861108c0cb4db1145c4f4b5a8c1) Importer(815301076,1909f56bfc062723c751e8b465ee728b)
Start importing Assets/GAME/Scripts/Misc/ModWinManager.cs using Guid(c4f05861108c0cb4db1145c4f4b5a8c1) Importer(815301076,1909f56bfc062723c751e8b465ee728b)  -> (artifact id: '54b63340a40aa97a5416d97452dcc3ed') in 0.008079 seconds
  Import took 0.015728 seconds .

========================================================================
Received Prepare
Registering precompiled user dll's ...
Registered in 0.005495 seconds.
Begin MonoManager ReloadAssembly
Native extension for WindowsStandalone target not found
Refreshing native plugins compatible for Editor in 0.81 ms, found 3 plugins.
Preloading 0 native plugins for Editor in 0.00 ms.
Mono: successfully reloaded assembly
- Completed reload, in  1.505 seconds
Platform modules already initialized, skipping
Shader 'Universal Render Pipeline/Particles/Lit': fallback shader 'Universal Render Pipeline/Particles/SimpleLit' not found
Shader 'Universal Render Pipeline/Particles/Lit': fallback shader 'Universal Render Pipeline/Particles/SimpleLit' not found
Refreshing native plugins compatible for Editor in 0.70 ms, found 3 plugins.
Preloading 0 native plugins for Editor in 0.00 ms.
Unloading 3204 Unused Serialized files (Serialized files now loaded: 0)
System memory in use before: 145.0 MB.
System memory in use after: 142.3 MB.

Unloading 48 unused Assets to reduce memory usage. Loaded Objects now: 3792.
Total: 9.307900 ms (FindLiveObjects: 0.723800 ms CreateObjectMapping: 0.506400 ms MarkObjects: 5.526700 ms  DeleteObjects: 2.549400 ms)

========================================================================
Received Prepare
Registering precompiled user dll's ...
Registered in 0.005589 seconds.
Begin MonoManager ReloadAssembly
Native extension for WindowsStandalone target not found
Refreshing native plugins compatible for Editor in 1.06 ms, found 3 plugins.
Preloading 0 native plugins for Editor in 0.00 ms.
Mono: successfully reloaded assembly
- Completed reload, in  1.517 seconds
Platform modules already initialized, skipping
Shader 'Universal Render Pipeline/Particles/Lit': fallback shader 'Universal Render Pipeline/Particles/SimpleLit' not found
Shader 'Universal Render Pipeline/Particles/Lit': fallback shader 'Universal Render Pipeline/Particles/SimpleLit' not found
Refreshing native plugins compatible for Editor in 0.97 ms, found 3 plugins.
Preloading 0 native plugins for Editor in 0.00 ms.
Unloading 3204 Unused Serialized files (Serialized files now loaded: 0)
System memory in use before: 145.0 MB.
System memory in use after: 142.3 MB.

Unloading 48 unused Assets to reduce memory usage. Loaded Objects now: 3795.
Total: 8.004600 ms (FindLiveObjects: 0.474200 ms CreateObjectMapping: 0.309200 ms MarkObjects: 4.210500 ms  DeleteObjects: 3.008500 ms)

========================================================================
Received Import Request.
  Time since last request: 169.542336 seconds.
  path: Assets/GAME/Prefabs/Objects/Finish Line.prefab
  artifactKey: Guid(b04db3554a88e1e4cac7d04e640f0843) Importer(815301076,1909f56bfc062723c751e8b465ee728b)
Start importing Assets/GAME/Prefabs/Objects/Finish Line.prefab using Guid(b04db3554a88e1e4cac7d04e640f0843) Importer(815301076,1909f56bfc062723c751e8b465ee728b)  -> (artifact id: '5dcaa72b967b9bd3b1826a2c0b290fea') in 0.273956 seconds
  Import took 0.280848 seconds .

========================================================================
Received Prepare
Registering precompiled user dll's ...
Registered in 0.007455 seconds.
Begin MonoManager ReloadAssembly
Native extension for WindowsStandalone target not found
Refreshing native plugins compatible for Editor in 0.84 ms, found 3 plugins.
Preloading 0 native plugins for Editor in 0.00 ms.
Mono: successfully reloaded assembly
- Completed reload, in  1.635 seconds
Platform modules already initialized, skipping
Shader 'Universal Render Pipeline/Particles/Lit': fallback shader 'Universal Render Pipeline/Particles/SimpleLit' not found
Shader 'Universal Render Pipeline/Particles/Lit': fallback shader 'Universal Render Pipeline/Particles/SimpleLit' not found
Refreshing native plugins compatible for Editor in 0.66 ms, found 3 plugins.
Preloading 0 native plugins for Editor in 0.00 ms.
Unloading 3204 Unused Serialized files (Serialized files now loaded: 0)
System memory in use before: 145.2 MB.
System memory in use after: 142.5 MB.

Unloading 48 unused Assets to reduce memory usage. Loaded Objects now: 3835.
Total: 6.190500 ms (FindLiveObjects: 0.424100 ms CreateObjectMapping: 0.551400 ms MarkObjects: 3.254900 ms  DeleteObjects: 1.958900 ms)

========================================================================
Received Import Request.
  Time since last request: 39.464754 seconds.
  path: Assets/GAME/Scenes/ModScene.unity
  artifactKey: Guid(6ad369c1ad17c5e45a53749b7fdaef53) Importer(815301076,1909f56bfc062723c751e8b465ee728b)
Start importing Assets/GAME/Scenes/ModScene.unity using Guid(6ad369c1ad17c5e45a53749b7fdaef53) Importer(815301076,1909f56bfc062723c751e8b465ee728b)  -> (artifact id: '600eaf910dfaac780967724a83e5e7e0') in 0.022401 seconds
  Import took 0.029365 seconds .

========================================================================
Received Import Request.
  Time since last request: 16.332525 seconds.
  path: Assets/GAME/Prefabs/Objects/Finish Line.prefab
  artifactKey: Guid(b04db3554a88e1e4cac7d04e640f0843) Importer(815301076,1909f56bfc062723c751e8b465ee728b)
Start importing Assets/GAME/Prefabs/Objects/Finish Line.prefab using Guid(b04db3554a88e1e4cac7d04e640f0843) Importer(815301076,1909f56bfc062723c751e8b465ee728b)  -> (artifact id: '31b8203a40d0d5191e8b16b228b42e44') in 0.248120 seconds
  Import took 0.254223 seconds .

========================================================================
Received Import Request.
  Time since last request: 16.289127 seconds.
  path: Assets/GAME/Scripts/Scriptable Objects/Door Big.asset
  artifactKey: Guid(e95ddc81c47c51b43816285655269aa0) Importer(815301076,1909f56bfc062723c751e8b465ee728b)
Start importing Assets/GAME/Scripts/Scriptable Objects/Door Big.asset using Guid(e95ddc81c47c51b43816285655269aa0) Importer(815301076,1909f56bfc062723c751e8b465ee728b)  -> (artifact id: 'b58eb56d1fd223d0651fa1824a740c0b') in 0.011640 seconds
  Import took 0.018621 seconds .

========================================================================
Received Import Request.
  Time since last request: 0.593083 seconds.
  path: Assets/GAME/Scripts/Scriptable Objects/Tiles
  artifactKey: Guid(254960c1e70596443a181951c5d6f10e) Importer(815301076,1909f56bfc062723c751e8b465ee728b)
Start importing Assets/GAME/Scripts/Scriptable Objects/Tiles using Guid(254960c1e70596443a181951c5d6f10e) Importer(815301076,1909f56bfc062723c751e8b465ee728b)  -> (artifact id: 'ac724b1b1f5380b60026500422668033') in 0.027266 seconds
  Import took 0.034982 seconds .

========================================================================
Received Import Request.
  Time since last request: 4.291797 seconds.
  path: Assets/GAME/Scripts/Scriptable Objects/Plant 1.asset
  artifactKey: Guid(1447be4d2efcff94ba1a96c501440683) Importer(815301076,1909f56bfc062723c751e8b465ee728b)
Start importing Assets/GAME/Scripts/Scriptable Objects/Plant 1.asset using Guid(1447be4d2efcff94ba1a96c501440683) Importer(815301076,1909f56bfc062723c751e8b465ee728b)  -> (artifact id: 'a6fae5f151817052ee4eb8832b6da400') in 0.012112 seconds
  Import took 0.020988 seconds .

========================================================================
Received Import Request.
  Time since last request: 5.852100 seconds.
  path: Assets/GAME/Scripts/Scriptable Objects/Finish Line.asset
  artifactKey: Guid(1447be4d2efcff94ba1a96c501440683) Importer(815301076,1909f56bfc062723c751e8b465ee728b)
Start importing Assets/GAME/Scripts/Scriptable Objects/Finish Line.asset using Guid(1447be4d2efcff94ba1a96c501440683) Importer(815301076,1909f56bfc062723c751e8b465ee728b)  -> (artifact id: 'be2df54b04d69fad3ecc8c0d146832cc') in 0.007753 seconds
  Import took 0.015593 seconds .

========================================================================
Received Import Request.
  Time since last request: 10.554939 seconds.
  path: Assets/GAME/Scripts/Scriptable Objects/Finish Line.asset
  artifactKey: Guid(1447be4d2efcff94ba1a96c501440683) Importer(815301076,1909f56bfc062723c751e8b465ee728b)
Start importing Assets/GAME/Scripts/Scriptable Objects/Finish Line.asset using Guid(1447be4d2efcff94ba1a96c501440683) Importer(815301076,1909f56bfc062723c751e8b465ee728b)  -> (artifact id: '868cae626f80fa604af69ad5c874d0f1') in 0.008829 seconds
  Import took 0.041148 seconds .

========================================================================
Received Prepare
Registering precompiled user dll's ...
Registered in 0.005523 seconds.
Begin MonoManager ReloadAssembly
Native extension for WindowsStandalone target not found
Refreshing native plugins compatible for Editor in 1.01 ms, found 3 plugins.
Preloading 0 native plugins for Editor in 0.00 ms.
Mono: successfully reloaded assembly
- Completed reload, in  2.177 seconds
Platform modules already initialized, skipping
Shader 'Universal Render Pipeline/Particles/Lit': fallback shader 'Universal Render Pipeline/Particles/SimpleLit' not found
Shader 'Universal Render Pipeline/Particles/Lit': fallback shader 'Universal Render Pipeline/Particles/SimpleLit' not found
Refreshing native plugins compatible for Editor in 1.29 ms, found 3 plugins.
Preloading 0 native plugins for Editor in 0.00 ms.
Unloading 3204 Unused Serialized files (Serialized files now loaded: 0)
System memory in use before: 145.3 MB.
System memory in use after: 142.6 MB.

Unloading 48 unused Assets to reduce memory usage. Loaded Objects now: 3874.
Total: 7.617200 ms (FindLiveObjects: 0.625900 ms CreateObjectMapping: 0.588600 ms MarkObjects: 4.041800 ms  DeleteObjects: 2.358800 ms)

========================================================================
Received Import Request.
  Time since last request: 135.743158 seconds.
  path: Assets/GAME/Scenes/StoryGenerator.unity
  artifactKey: Guid(ef8ebecb71486cd4a9a30a3a353bdfad) Importer(815301076,1909f56bfc062723c751e8b465ee728b)
Start importing Assets/GAME/Scenes/StoryGenerator.unity using Guid(ef8ebecb71486cd4a9a30a3a353bdfad) Importer(815301076,1909f56bfc062723c751e8b465ee728b)  -> (artifact id: '2be930202234df605d281d075652bbc4') in 0.025912 seconds
  Import took 0.033243 seconds .

========================================================================
Received Import Request.
  Time since last request: 24.377522 seconds.
  path: Assets/GAME/Prefabs/Objects/Finish Line.prefab
  artifactKey: Guid(b04db3554a88e1e4cac7d04e640f0843) Importer(815301076,1909f56bfc062723c751e8b465ee728b)
Start importing Assets/GAME/Prefabs/Objects/Finish Line.prefab using Guid(b04db3554a88e1e4cac7d04e640f0843) Importer(815301076,1909f56bfc062723c751e8b465ee728b)  -> (artifact id: 'c977c14075424878526b8a442334a1fa') in 0.172301 seconds
  Import took 0.180376 seconds .

========================================================================
Received Prepare
Registering precompiled user dll's ...
Registered in 0.005352 seconds.
Begin MonoManager ReloadAssembly
Native extension for WindowsStandalone target not found
Refreshing native plugins compatible for Editor in 0.74 ms, found 3 plugins.
Preloading 0 native plugins for Editor in 0.00 ms.
Mono: successfully reloaded assembly
- Completed reload, in  1.490 seconds
Platform modules already initialized, skipping
Shader 'Universal Render Pipeline/Particles/Lit': fallback shader 'Universal Render Pipeline/Particles/SimpleLit' not found
Shader 'Universal Render Pipeline/Particles/Lit': fallback shader 'Universal Render Pipeline/Particles/SimpleLit' not found
Refreshing native plugins compatible for Editor in 0.65 ms, found 3 plugins.
Preloading 0 native plugins for Editor in 0.00 ms.
Unloading 3204 Unused Serialized files (Serialized files now loaded: 0)
System memory in use before: 145.5 MB.
System memory in use after: 142.7 MB.

Unloading 48 unused Assets to reduce memory usage. Loaded Objects now: 3913.
Total: 5.276400 ms (FindLiveObjects: 0.400500 ms CreateObjectMapping: 0.168300 ms MarkObjects: 2.769800 ms  DeleteObjects: 1.936900 ms)

========================================================================
Received Prepare
Registering precompiled user dll's ...
Registered in 0.007449 seconds.
Begin MonoManager ReloadAssembly
Native extension for WindowsStandalone target not found
Refreshing native plugins compatible for Editor in 0.89 ms, found 3 plugins.
Preloading 0 native plugins for Editor in 0.00 ms.
Mono: successfully reloaded assembly
- Completed reload, in  2.139 seconds
Platform modules already initialized, skipping
Shader 'Universal Render Pipeline/Particles/Lit': fallback shader 'Universal Render Pipeline/Particles/SimpleLit' not found
Shader 'Universal Render Pipeline/Particles/Lit': fallback shader 'Universal Render Pipeline/Particles/SimpleLit' not found
Refreshing native plugins compatible for Editor in 1.50 ms, found 3 plugins.
Preloading 0 native plugins for Editor in 0.00 ms.
Unloading 3204 Unused Serialized files (Serialized files now loaded: 0)
System memory in use before: 145.4 MB.
System memory in use after: 142.7 MB.

Unloading 48 unused Assets to reduce memory usage. Loaded Objects now: 3916.
Total: 11.316500 ms (FindLiveObjects: 0.874500 ms CreateObjectMapping: 0.451400 ms MarkObjects: 6.927300 ms  DeleteObjects: 3.060400 ms)

========================================================================
Received Prepare
Registering precompiled user dll's ...
Registered in 0.005563 seconds.
Begin MonoManager ReloadAssembly
Native extension for WindowsStandalone target not found
Refreshing native plugins compatible for Editor in 0.67 ms, found 3 plugins.
Preloading 0 native plugins for Editor in 0.00 ms.
Mono: successfully reloaded assembly
- Completed reload, in  1.439 seconds
Platform modules already initialized, skipping
Shader 'Universal Render Pipeline/Particles/Lit': fallback shader 'Universal Render Pipeline/Particles/SimpleLit' not found
Shader 'Universal Render Pipeline/Particles/Lit': fallback shader 'Universal Render Pipeline/Particles/SimpleLit' not found
Refreshing native plugins compatible for Editor in 0.70 ms, found 3 plugins.
Preloading 0 native plugins for Editor in 0.00 ms.
Unloading 3204 Unused Serialized files (Serialized files now loaded: 0)
System memory in use before: 145.4 MB.
System memory in use after: 142.7 MB.

Unloading 48 unused Assets to reduce memory usage. Loaded Objects now: 3919.
Total: 5.561800 ms (FindLiveObjects: 0.395500 ms CreateObjectMapping: 0.187000 ms MarkObjects: 3.020500 ms  DeleteObjects: 1.957400 ms)

========================================================================
Received Import Request.
  Time since last request: 564.889063 seconds.
  path: Assets/GAME/Scenes/ModScene.unity
  artifactKey: Guid(6ad369c1ad17c5e45a53749b7fdaef53) Importer(815301076,1909f56bfc062723c751e8b465ee728b)
Start importing Assets/GAME/Scenes/ModScene.unity using Guid(6ad369c1ad17c5e45a53749b7fdaef53) Importer(815301076,1909f56bfc062723c751e8b465ee728b)  -> (artifact id: 'e6db6b349f9c3ca9b36f4c48eff3b955') in 0.036867 seconds
  Import took 0.042793 seconds .

========================================================================
Received Prepare
Registering precompiled user dll's ...
Registered in 0.006439 seconds.
Begin MonoManager ReloadAssembly
Native extension for WindowsStandalone target not found
Refreshing native plugins compatible for Editor in 0.87 ms, found 3 plugins.
Preloading 0 native plugins for Editor in 0.00 ms.
Mono: successfully reloaded assembly
- Completed reload, in  1.579 seconds
Platform modules already initialized, skipping
Shader 'Universal Render Pipeline/Particles/Lit': fallback shader 'Universal Render Pipeline/Particles/SimpleLit' not found
Shader 'Universal Render Pipeline/Particles/Lit': fallback shader 'Universal Render Pipeline/Particles/SimpleLit' not found
Refreshing native plugins compatible for Editor in 0.66 ms, found 3 plugins.
Preloading 0 native plugins for Editor in 0.00 ms.
Unloading 3204 Unused Serialized files (Serialized files now loaded: 0)
System memory in use before: 145.4 MB.
System memory in use after: 142.7 MB.

Unloading 48 unused Assets to reduce memory usage. Loaded Objects now: 3922.
Total: 5.031000 ms (FindLiveObjects: 0.383800 ms CreateObjectMapping: 0.149700 ms MarkObjects: 2.857300 ms  DeleteObjects: 1.639000 ms)

========================================================================
Received Prepare
Registering precompiled user dll's ...
Registered in 0.005393 seconds.
Begin MonoManager ReloadAssembly
Native extension for WindowsStandalone target not found
Refreshing native plugins compatible for Editor in 0.86 ms, found 3 plugins.
Preloading 0 native plugins for Editor in 0.00 ms.
Mono: successfully reloaded assembly
- Completed reload, in  1.585 seconds
Platform modules already initialized, skipping
Shader 'Universal Render Pipeline/Particles/Lit': fallback shader 'Universal Render Pipeline/Particles/SimpleLit' not found
Shader 'Universal Render Pipeline/Particles/Lit': fallback shader 'Universal Render Pipeline/Particles/SimpleLit' not found
Refreshing native plugins compatible for Editor in 0.70 ms, found 3 plugins.
Preloading 0 native plugins for Editor in 0.00 ms.
Unloading 3204 Unused Serialized files (Serialized files now loaded: 0)
System memory in use before: 145.4 MB.
System memory in use after: 142.7 MB.

Unloading 48 unused Assets to reduce memory usage. Loaded Objects now: 3925.
Total: 5.274400 ms (FindLiveObjects: 0.351700 ms CreateObjectMapping: 0.176800 ms MarkObjects: 2.986200 ms  DeleteObjects: 1.758400 ms)

========================================================================
Received Prepare
Registering precompiled user dll's ...
Registered in 0.006379 seconds.
Begin MonoManager ReloadAssembly
Native extension for WindowsStandalone target not found
Refreshing native plugins compatible for Editor in 0.71 ms, found 3 plugins.
Preloading 0 native plugins for Editor in 0.00 ms.
Mono: successfully reloaded assembly
- Completed reload, in  1.606 seconds
Platform modules already initialized, skipping
Shader 'Universal Render Pipeline/Particles/Lit': fallback shader 'Universal Render Pipeline/Particles/SimpleLit' not found
Shader 'Universal Render Pipeline/Particles/Lit': fallback shader 'Universal Render Pipeline/Particles/SimpleLit' not found
Refreshing native plugins compatible for Editor in 1.14 ms, found 3 plugins.
Preloading 0 native plugins for Editor in 0.00 ms.
Unloading 3204 Unused Serialized files (Serialized files now loaded: 0)
System memory in use before: 145.4 MB.
System memory in use after: 142.8 MB.

Unloading 48 unused Assets to reduce memory usage. Loaded Objects now: 3928.
Total: 4.862900 ms (FindLiveObjects: 0.417700 ms CreateObjectMapping: 0.184400 ms MarkObjects: 2.575700 ms  DeleteObjects: 1.683500 ms)

========================================================================
Received Prepare
Registering precompiled user dll's ...
Registered in 0.006026 seconds.
Begin MonoManager ReloadAssembly
Native extension for WindowsStandalone target not found
Refreshing native plugins compatible for Editor in 1.27 ms, found 3 plugins.
Preloading 0 native plugins for Editor in 0.00 ms.
Mono: successfully reloaded assembly
- Completed reload, in  1.664 seconds
Platform modules already initialized, skipping
Shader 'Universal Render Pipeline/Particles/Lit': fallback shader 'Universal Render Pipeline/Particles/SimpleLit' not found
Shader 'Universal Render Pipeline/Particles/Lit': fallback shader 'Universal Render Pipeline/Particles/SimpleLit' not found
Refreshing native plugins compatible for Editor in 1.07 ms, found 3 plugins.
Preloading 0 native plugins for Editor in 0.00 ms.
Unloading 3204 Unused Serialized files (Serialized files now loaded: 0)
System memory in use before: 145.4 MB.
System memory in use after: 142.8 MB.

Unloading 48 unused Assets to reduce memory usage. Loaded Objects now: 3931.
Total: 5.529500 ms (FindLiveObjects: 0.569000 ms CreateObjectMapping: 0.288600 ms MarkObjects: 2.783200 ms  DeleteObjects: 1.887500 ms)

========================================================================
Received Prepare
Registering precompiled user dll's ...
Registered in 0.006396 seconds.
Begin MonoManager ReloadAssembly
Native extension for WindowsStandalone target not found
Refreshing native plugins compatible for Editor in 0.82 ms, found 3 plugins.
Preloading 0 native plugins for Editor in 0.00 ms.
Mono: successfully reloaded assembly
- Completed reload, in  1.500 seconds
Platform modules already initialized, skipping
Shader 'Universal Render Pipeline/Particles/Lit': fallback shader 'Universal Render Pipeline/Particles/SimpleLit' not found
Shader 'Universal Render Pipeline/Particles/Lit': fallback shader 'Universal Render Pipeline/Particles/SimpleLit' not found
Refreshing native plugins compatible for Editor in 0.69 ms, found 3 plugins.
Preloading 0 native plugins for Editor in 0.00 ms.
Unloading 3204 Unused Serialized files (Serialized files now loaded: 0)
System memory in use before: 145.4 MB.
System memory in use after: 142.8 MB.

Unloading 48 unused Assets to reduce memory usage. Loaded Objects now: 3934.
Total: 5.489400 ms (FindLiveObjects: 0.417400 ms CreateObjectMapping: 0.281500 ms MarkObjects: 3.149700 ms  DeleteObjects: 1.639600 ms)

========================================================================
Received Prepare
Registering precompiled user dll's ...
Registered in 0.006726 seconds.
Begin MonoManager ReloadAssembly
Native extension for WindowsStandalone target not found
Refreshing native plugins compatible for Editor in 0.63 ms, found 3 plugins.
Preloading 0 native plugins for Editor in 0.00 ms.
Mono: successfully reloaded assembly
- Completed reload, in  1.401 seconds
Platform modules already initialized, skipping
Shader 'Universal Render Pipeline/Particles/Lit': fallback shader 'Universal Render Pipeline/Particles/SimpleLit' not found
Shader 'Universal Render Pipeline/Particles/Lit': fallback shader 'Universal Render Pipeline/Particles/SimpleLit' not found
Refreshing native plugins compatible for Editor in 0.66 ms, found 3 plugins.
Preloading 0 native plugins for Editor in 0.00 ms.
Unloading 3204 Unused Serialized files (Serialized files now loaded: 0)
System memory in use before: 145.5 MB.
System memory in use after: 142.8 MB.

Unloading 48 unused Assets to reduce memory usage. Loaded Objects now: 3937.
Total: 5.512600 ms (FindLiveObjects: 0.385400 ms CreateObjectMapping: 0.173200 ms MarkObjects: 2.915800 ms  DeleteObjects: 2.036800 ms)

========================================================================
Received Prepare
Registering precompiled user dll's ...
Registered in 0.005973 seconds.
Begin MonoManager ReloadAssembly
Native extension for WindowsStandalone target not found
Refreshing native plugins compatible for Editor in 0.81 ms, found 3 plugins.
Preloading 0 native plugins for Editor in 0.00 ms.
Mono: successfully reloaded assembly
- Completed reload, in  1.458 seconds
Platform modules already initialized, skipping
Shader 'Universal Render Pipeline/Particles/Lit': fallback shader 'Universal Render Pipeline/Particles/SimpleLit' not found
Shader 'Universal Render Pipeline/Particles/Lit': fallback shader 'Universal Render Pipeline/Particles/SimpleLit' not found
Refreshing native plugins compatible for Editor in 0.98 ms, found 3 plugins.
Preloading 0 native plugins for Editor in 0.00 ms.
Unloading 3204 Unused Serialized files (Serialized files now loaded: 0)
System memory in use before: 145.4 MB.
System memory in use after: 142.8 MB.

Unloading 48 unused Assets to reduce memory usage. Loaded Objects now: 3940.
Total: 7.578100 ms (FindLiveObjects: 0.590700 ms CreateObjectMapping: 0.341200 ms MarkObjects: 3.517500 ms  DeleteObjects: 3.127100 ms)

========================================================================
Received Prepare
Registering precompiled user dll's ...
Registered in 0.006354 seconds.
Begin MonoManager ReloadAssembly
Native extension for WindowsStandalone target not found
Refreshing native plugins compatible for Editor in 0.64 ms, found 3 plugins.
Preloading 0 native plugins for Editor in 0.00 ms.
Mono: successfully reloaded assembly
- Completed reload, in  1.485 seconds
Platform modules already initialized, skipping
Shader 'Universal Render Pipeline/Particles/Lit': fallback shader 'Universal Render Pipeline/Particles/SimpleLit' not found
Shader 'Universal Render Pipeline/Particles/Lit': fallback shader 'Universal Render Pipeline/Particles/SimpleLit' not found
Refreshing native plugins compatible for Editor in 0.75 ms, found 3 plugins.
Preloading 0 native plugins for Editor in 0.00 ms.
Unloading 3204 Unused Serialized files (Serialized files now loaded: 0)
System memory in use before: 145.5 MB.
System memory in use after: 142.8 MB.

Unloading 48 unused Assets to reduce memory usage. Loaded Objects now: 3943.
Total: 4.815400 ms (FindLiveObjects: 0.322600 ms CreateObjectMapping: 0.191800 ms MarkObjects: 2.606900 ms  DeleteObjects: 1.693300 ms)

========================================================================
Received Prepare
Registering precompiled user dll's ...
Registered in 0.005284 seconds.
Begin MonoManager ReloadAssembly
Native extension for WindowsStandalone target not found
Refreshing native plugins compatible for Editor in 0.68 ms, found 3 plugins.
Preloading 0 native plugins for Editor in 0.00 ms.
Mono: successfully reloaded assembly
- Completed reload, in  1.529 seconds
Platform modules already initialized, skipping
Shader 'Universal Render Pipeline/Particles/Lit': fallback shader 'Universal Render Pipeline/Particles/SimpleLit' not found
Shader 'Universal Render Pipeline/Particles/Lit': fallback shader 'Universal Render Pipeline/Particles/SimpleLit' not found
Refreshing native plugins compatible for Editor in 0.75 ms, found 3 plugins.
Preloading 0 native plugins for Editor in 0.00 ms.
Unloading 3204 Unused Serialized files (Serialized files now loaded: 0)
System memory in use before: 145.5 MB.
System memory in use after: 142.8 MB.

Unloading 48 unused Assets to reduce memory usage. Loaded Objects now: 3946.
Total: 5.197200 ms (FindLiveObjects: 0.334100 ms CreateObjectMapping: 0.155600 ms MarkObjects: 2.948300 ms  DeleteObjects: 1.758000 ms)

========================================================================
Received Prepare
Registering precompiled user dll's ...
Registered in 0.005306 seconds.
Begin MonoManager ReloadAssembly
Native extension for WindowsStandalone target not found
Refreshing native plugins compatible for Editor in 0.69 ms, found 3 plugins.
Preloading 0 native plugins for Editor in 0.00 ms.
Mono: successfully reloaded assembly
- Completed reload, in  1.569 seconds
Platform modules already initialized, skipping
Shader 'Universal Render Pipeline/Particles/Lit': fallback shader 'Universal Render Pipeline/Particles/SimpleLit' not found
Shader 'Universal Render Pipeline/Particles/Lit': fallback shader 'Universal Render Pipeline/Particles/SimpleLit' not found
Refreshing native plugins compatible for Editor in 0.66 ms, found 3 plugins.
Preloading 0 native plugins for Editor in 0.00 ms.
Unloading 3204 Unused Serialized files (Serialized files now loaded: 0)
System memory in use before: 145.5 MB.
System memory in use after: 142.8 MB.

Unloading 48 unused Assets to reduce memory usage. Loaded Objects now: 3949.
Total: 5.233000 ms (FindLiveObjects: 0.449100 ms CreateObjectMapping: 0.156500 ms MarkObjects: 2.869600 ms  DeleteObjects: 1.756700 ms)

========================================================================
Received Prepare
Registering precompiled user dll's ...
Registered in 0.007392 seconds.
Begin MonoManager ReloadAssembly
Native extension for WindowsStandalone target not found
Refreshing native plugins compatible for Editor in 0.83 ms, found 3 plugins.
Preloading 0 native plugins for Editor in 0.00 ms.
Mono: successfully reloaded assembly
- Completed reload, in  1.504 seconds
Platform modules already initialized, skipping
Shader 'Universal Render Pipeline/Particles/Lit': fallback shader 'Universal Render Pipeline/Particles/SimpleLit' not found
Shader 'Universal Render Pipeline/Particles/Lit': fallback shader 'Universal Render Pipeline/Particles/SimpleLit' not found
Refreshing native plugins compatible for Editor in 0.66 ms, found 3 plugins.
Preloading 0 native plugins for Editor in 0.00 ms.
Unloading 3204 Unused Serialized files (Serialized files now loaded: 0)
System memory in use before: 145.5 MB.
System memory in use after: 142.8 MB.

Unloading 48 unused Assets to reduce memory usage. Loaded Objects now: 3952.
Total: 4.842900 ms (FindLiveObjects: 0.305800 ms CreateObjectMapping: 0.145900 ms MarkObjects: 2.806400 ms  DeleteObjects: 1.583900 ms)

========================================================================
Received Prepare
Registering precompiled user dll's ...
Registered in 0.009294 seconds.
Begin MonoManager ReloadAssembly
Native extension for WindowsStandalone target not found
Refreshing native plugins compatible for Editor in 0.66 ms, found 3 plugins.
Preloading 0 native plugins for Editor in 0.00 ms.
Mono: successfully reloaded assembly
- Completed reload, in  1.435 seconds
Platform modules already initialized, skipping
Shader 'Universal Render Pipeline/Particles/Lit': fallback shader 'Universal Render Pipeline/Particles/SimpleLit' not found
Shader 'Universal Render Pipeline/Particles/Lit': fallback shader 'Universal Render Pipeline/Particles/SimpleLit' not found
Refreshing native plugins compatible for Editor in 0.66 ms, found 3 plugins.
Preloading 0 native plugins for Editor in 0.00 ms.
Unloading 3204 Unused Serialized files (Serialized files now loaded: 0)
System memory in use before: 145.5 MB.
System memory in use after: 142.8 MB.

Unloading 48 unused Assets to reduce memory usage. Loaded Objects now: 3955.
Total: 4.953400 ms (FindLiveObjects: 0.326900 ms CreateObjectMapping: 0.126400 ms MarkObjects: 2.841200 ms  DeleteObjects: 1.658000 ms)

========================================================================
Received Prepare
Registering precompiled user dll's ...
Registered in 0.005192 seconds.
Begin MonoManager ReloadAssembly
Native extension for WindowsStandalone target not found
Refreshing native plugins compatible for Editor in 0.67 ms, found 3 plugins.
Preloading 0 native plugins for Editor in 0.00 ms.
Mono: successfully reloaded assembly
- Completed reload, in  1.549 seconds
Platform modules already initialized, skipping
Shader 'Universal Render Pipeline/Particles/Lit': fallback shader 'Universal Render Pipeline/Particles/SimpleLit' not found
Shader 'Universal Render Pipeline/Particles/Lit': fallback shader 'Universal Render Pipeline/Particles/SimpleLit' not found
Refreshing native plugins compatible for Editor in 0.65 ms, found 3 plugins.
Preloading 0 native plugins for Editor in 0.00 ms.
Unloading 3204 Unused Serialized files (Serialized files now loaded: 0)
System memory in use before: 145.5 MB.
System memory in use after: 142.8 MB.

Unloading 48 unused Assets to reduce memory usage. Loaded Objects now: 3958.
Total: 4.905400 ms (FindLiveObjects: 0.332700 ms CreateObjectMapping: 0.177900 ms MarkObjects: 2.781100 ms  DeleteObjects: 1.612600 ms)

========================================================================
Received Import Request.
  Time since last request: 1848.307347 seconds.
  path: Assets/GAME/Scenes/StoryGenerator.unity
  artifactKey: Guid(ef8ebecb71486cd4a9a30a3a353bdfad) Importer(815301076,1909f56bfc062723c751e8b465ee728b)
Start importing Assets/GAME/Scenes/StoryGenerator.unity using Guid(ef8ebecb71486cd4a9a30a3a353bdfad) Importer(815301076,1909f56bfc062723c751e8b465ee728b)  -> (artifact id: '07cbaa9e1c38693fdebb1433687bb331') in 0.115171 seconds
  Import took 0.122119 seconds .

========================================================================
Received Prepare
Registering precompiled user dll's ...
Registered in 0.006545 seconds.
Begin MonoManager ReloadAssembly
Native extension for WindowsStandalone target not found
Refreshing native plugins compatible for Editor in 0.69 ms, found 3 plugins.
Preloading 0 native plugins for Editor in 0.00 ms.
Mono: successfully reloaded assembly
- Completed reload, in  1.593 seconds
Platform modules already initialized, skipping
Shader 'Universal Render Pipeline/Particles/Lit': fallback shader 'Universal Render Pipeline/Particles/SimpleLit' not found
Shader 'Universal Render Pipeline/Particles/Lit': fallback shader 'Universal Render Pipeline/Particles/SimpleLit' not found
Refreshing native plugins compatible for Editor in 0.73 ms, found 3 plugins.
Preloading 0 native plugins for Editor in 0.00 ms.
Unloading 3204 Unused Serialized files (Serialized files now loaded: 0)
System memory in use before: 145.6 MB.
System memory in use after: 142.8 MB.

Unloading 48 unused Assets to reduce memory usage. Loaded Objects now: 3961.
Total: 5.123600 ms (FindLiveObjects: 0.338500 ms CreateObjectMapping: 0.134400 ms MarkObjects: 2.790400 ms  DeleteObjects: 1.859300 ms)

========================================================================
Received Prepare
Registering precompiled user dll's ...
Registered in 0.006292 seconds.
Begin MonoManager ReloadAssembly
Native extension for WindowsStandalone target not found
Refreshing native plugins compatible for Editor in 0.64 ms, found 3 plugins.
Preloading 0 native plugins for Editor in 0.00 ms.
Mono: successfully reloaded assembly
- Completed reload, in  1.381 seconds
Platform modules already initialized, skipping
Shader 'Universal Render Pipeline/Particles/Lit': fallback shader 'Universal Render Pipeline/Particles/SimpleLit' not found
Shader 'Universal Render Pipeline/Particles/Lit': fallback shader 'Universal Render Pipeline/Particles/SimpleLit' not found
Refreshing native plugins compatible for Editor in 0.68 ms, found 3 plugins.
Preloading 0 native plugins for Editor in 0.00 ms.
Unloading 3204 Unused Serialized files (Serialized files now loaded: 0)
System memory in use before: 145.6 MB.
System memory in use after: 142.8 MB.

Unloading 48 unused Assets to reduce memory usage. Loaded Objects now: 3964.
Total: 5.806400 ms (FindLiveObjects: 0.411300 ms CreateObjectMapping: 0.139700 ms MarkObjects: 3.023900 ms  DeleteObjects: 2.230600 ms)

========================================================================
Received Prepare
Registering precompiled user dll's ...
Registered in 0.008457 seconds.
Begin MonoManager ReloadAssembly
Native extension for WindowsStandalone target not found
Refreshing native plugins compatible for Editor in 0.74 ms, found 3 plugins.
Preloading 0 native plugins for Editor in 0.00 ms.
Mono: successfully reloaded assembly
- Completed reload, in  1.591 seconds
Platform modules already initialized, skipping
Shader 'Universal Render Pipeline/Particles/Lit': fallback shader 'Universal Render Pipeline/Particles/SimpleLit' not found
Shader 'Universal Render Pipeline/Particles/Lit': fallback shader 'Universal Render Pipeline/Particles/SimpleLit' not found
Refreshing native plugins compatible for Editor in 0.74 ms, found 3 plugins.
Preloading 0 native plugins for Editor in 0.00 ms.
Unloading 3204 Unused Serialized files (Serialized files now loaded: 0)
System memory in use before: 145.6 MB.
System memory in use after: 142.8 MB.

Unloading 48 unused Assets to reduce memory usage. Loaded Objects now: 3967.
Total: 5.567100 ms (FindLiveObjects: 0.349000 ms CreateObjectMapping: 0.172400 ms MarkObjects: 3.095100 ms  DeleteObjects: 1.948800 ms)

========================================================================
Received Prepare
Registering precompiled user dll's ...
Registered in 0.005763 seconds.
Begin MonoManager ReloadAssembly
Native extension for WindowsStandalone target not found
Refreshing native plugins compatible for Editor in 0.71 ms, found 3 plugins.
Preloading 0 native plugins for Editor in 0.00 ms.
Mono: successfully reloaded assembly
- Completed reload, in  1.602 seconds
Platform modules already initialized, skipping
Shader 'Universal Render Pipeline/Particles/Lit': fallback shader 'Universal Render Pipeline/Particles/SimpleLit' not found
Shader 'Universal Render Pipeline/Particles/Lit': fallback shader 'Universal Render Pipeline/Particles/SimpleLit' not found
Refreshing native plugins compatible for Editor in 0.88 ms, found 3 plugins.
Preloading 0 native plugins for Editor in 0.00 ms.
Unloading 3204 Unused Serialized files (Serialized files now loaded: 0)
System memory in use before: 145.5 MB.
System memory in use after: 142.8 MB.

Unloading 48 unused Assets to reduce memory usage. Loaded Objects now: 3970.
Total: 5.357000 ms (FindLiveObjects: 0.324500 ms CreateObjectMapping: 0.143900 ms MarkObjects: 3.134300 ms  DeleteObjects: 1.753400 ms)

========================================================================
Received Prepare
Registering precompiled user dll's ...
Registered in 0.005558 seconds.
Begin MonoManager ReloadAssembly
Native extension for WindowsStandalone target not found
Refreshing native plugins compatible for Editor in 0.62 ms, found 3 plugins.
Preloading 0 native plugins for Editor in 0.00 ms.
Mono: successfully reloaded assembly
- Completed reload, in  1.417 seconds
Platform modules already initialized, skipping
Shader 'Universal Render Pipeline/Particles/Lit': fallback shader 'Universal Render Pipeline/Particles/SimpleLit' not found
Shader 'Universal Render Pipeline/Particles/Lit': fallback shader 'Universal Render Pipeline/Particles/SimpleLit' not found
Refreshing native plugins compatible for Editor in 0.71 ms, found 3 plugins.
Preloading 0 native plugins for Editor in 0.00 ms.
Unloading 3204 Unused Serialized files (Serialized files now loaded: 0)
System memory in use before: 145.6 MB.
System memory in use after: 142.9 MB.

Unloading 48 unused Assets to reduce memory usage. Loaded Objects now: 3973.
Total: 7.389900 ms (FindLiveObjects: 0.659900 ms CreateObjectMapping: 0.321500 ms MarkObjects: 4.088800 ms  DeleteObjects: 2.317500 ms)

AssetImportWorkerClient::OnTransportError - code=2 error=End of file
