Using pre-set license
Built from '2020.3/staging' branch; Version is '2020.3.11f1 (99c7afb366b3) revision 10078127'; Using compiler version '192528614'; Build Type 'Release'
OS: 'Windows 10 Home; OS build 19044.1706; Version 2009; 64bit' Language: 'en' Physical Memory: 16268 MB
BatchMode: 1, IsHumanControllingUs: 0, StartBugReporterOnCrash: 0, Is64bit: 1, IsPro: 0

 COMMAND LINE ARGUMENTS:
C:\Program Files\Unity\Hub\Editor\2020.3.11f1\Editor\Unity.exe
-adb2
-batchMode
-noUpm
-name
AssetImportWorker0
-projectPath
E:/Unity game clasa a XI/LowOxygen/LowOxygen_ProiectUnity
-logFile
Logs/AssetImportWorker0.log
-srvPort
52993
Successfully changed project path to: E:/Unity game clasa a XI/LowOxygen/LowOxygen_ProiectUnity
E:/Unity game clasa a XI/LowOxygen/LowOxygen_ProiectUnity
Using Asset Import Pipeline V2.
Refreshing native plugins compatible for Editor in 76.31 ms, found 3 plugins.
Preloading 0 native plugins for Editor in 0.00 ms.
Initialize engine version: 2020.3.11f1 (99c7afb366b3)
[Subsystems] Discovering subsystems at path C:/Program Files/Unity/Hub/Editor/2020.3.11f1/Editor/Data/Resources/UnitySubsystems
[Subsystems] Discovering subsystems at path E:/Unity game clasa a XI/LowOxygen/LowOxygen_ProiectUnity/Assets
GfxDevice: creating device client; threaded=0
Direct3D:
    Version:  Direct3D 11.0 [level 11.1]
    Renderer: NVIDIA GeForce GTX 1050 Ti (ID=0x1c8c)
    Vendor:   
    VRAM:     4021 MB
    Driver:   30.0.15.1215
Initialize mono
Mono path[0] = 'C:/Program Files/Unity/Hub/Editor/2020.3.11f1/Editor/Data/Managed'
Mono path[1] = 'C:/Program Files/Unity/Hub/Editor/2020.3.11f1/Editor/Data/MonoBleedingEdge/lib/mono/unityjit'
Mono config path = 'C:/Program Files/Unity/Hub/Editor/2020.3.11f1/Editor/Data/MonoBleedingEdge/etc'
Using monoOptions --debugger-agent=transport=dt_socket,embedding=1,server=y,suspend=n,address=127.0.0.1:56988
Begin MonoManager ReloadAssembly
Registering precompiled unity dll's ...
Register platform support module: C:/Program Files/Unity/Hub/Editor/2020.3.11f1/Editor/Data/PlaybackEngines/WindowsStandaloneSupport/UnityEditor.WindowsStandalone.Extensions.dll
Registered in 0.004451 seconds.
Native extension for WindowsStandalone target not found
Refreshing native plugins compatible for Editor in 65.40 ms, found 3 plugins.
Preloading 0 native plugins for Editor in 0.00 ms.
Mono: successfully reloaded assembly
- Completed reload, in  2.994 seconds
Platform modules already initialized, skipping
Registering precompiled user dll's ...
Registered in 0.007344 seconds.
Begin MonoManager ReloadAssembly
Native extension for WindowsStandalone target not found
Refreshing native plugins compatible for Editor in 64.76 ms, found 3 plugins.
Preloading 0 native plugins for Editor in 0.00 ms.
Mono: successfully reloaded assembly
- Completed reload, in  1.356 seconds
Platform modules already initialized, skipping
========================================================================
Worker process is ready to serve import requests
Shader 'Universal Render Pipeline/Particles/Lit': fallback shader 'Universal Render Pipeline/Particles/SimpleLit' not found
Shader 'Universal Render Pipeline/Particles/Lit': fallback shader 'Universal Render Pipeline/Particles/SimpleLit' not found
Launched and connected shader compiler UnityShaderCompiler.exe after 0.10 seconds
Refreshing native plugins compatible for Editor in 0.62 ms, found 3 plugins.
Preloading 0 native plugins for Editor in 0.00 ms.
Unloading 3304 Unused Serialized files (Serialized files now loaded: 0)
System memory in use before: 145.6 MB.
System memory in use after: 142.8 MB.

Unloading 59 unused Assets to reduce memory usage. Loaded Objects now: 3711.
Total: 4.383500 ms (FindLiveObjects: 0.302200 ms CreateObjectMapping: 0.171900 ms MarkObjects: 2.534800 ms  DeleteObjects: 1.373500 ms)

========================================================================
Received Import Request.
  path: Assets/GAME/Scenes/ModScene.unity
  artifactKey: Guid(6ad369c1ad17c5e45a53749b7fdaef53) Importer(815301076,1909f56bfc062723c751e8b465ee728b)
Start importing Assets/GAME/Scenes/ModScene.unity using Guid(6ad369c1ad17c5e45a53749b7fdaef53) Importer(815301076,1909f56bfc062723c751e8b465ee728b)  -> (artifact id: 'e6db6b349f9c3ca9b36f4c48eff3b955') in 0.017457 seconds
  Import took 0.023963 seconds .

========================================================================
Received Import Request.
  Time since last request: 47.766651 seconds.
  path: Assets/GAME/Scenes/StoryGenerator.unity
  artifactKey: Guid(ef8ebecb71486cd4a9a30a3a353bdfad) Importer(815301076,1909f56bfc062723c751e8b465ee728b)
Start importing Assets/GAME/Scenes/StoryGenerator.unity using Guid(ef8ebecb71486cd4a9a30a3a353bdfad) Importer(815301076,1909f56bfc062723c751e8b465ee728b)  -> (artifact id: '243e7d50bbf6f4966c06abf7a28b0f5e') in 0.007316 seconds
  Import took 0.015664 seconds .

========================================================================
Received Import Request.
  Time since last request: 1.877815 seconds.
  path: Assets/GAME/Scenes/ModScene.unity
  artifactKey: Guid(6ad369c1ad17c5e45a53749b7fdaef53) Importer(815301076,1909f56bfc062723c751e8b465ee728b)
Start importing Assets/GAME/Scenes/ModScene.unity using Guid(6ad369c1ad17c5e45a53749b7fdaef53) Importer(815301076,1909f56bfc062723c751e8b465ee728b)  -> (artifact id: '0929fb77889fc6e87ca640f1a2c0362b') in 0.017554 seconds
  Import took 0.024742 seconds .

========================================================================
Received Import Request.
  Time since last request: 0.437922 seconds.
  path: Assets/GAME/Scenes/Main Menu.unity
  artifactKey: Guid(b7d4ab6c0bcc2cf4fa0c8db425163512) Importer(815301076,1909f56bfc062723c751e8b465ee728b)
Start importing Assets/GAME/Scenes/Main Menu.unity using Guid(b7d4ab6c0bcc2cf4fa0c8db425163512) Importer(815301076,1909f56bfc062723c751e8b465ee728b)  -> (artifact id: '73648e7447a2b1df29d73904cb48f118') in 0.007177 seconds
  Import took 0.013950 seconds .

========================================================================
Received Prepare
Registering precompiled user dll's ...
Registered in 0.007877 seconds.
Begin MonoManager ReloadAssembly
Native extension for WindowsStandalone target not found
Refreshing native plugins compatible for Editor in 0.66 ms, found 3 plugins.
Preloading 0 native plugins for Editor in 0.00 ms.
Mono: successfully reloaded assembly
- Completed reload, in  1.508 seconds
Platform modules already initialized, skipping
Shader 'Universal Render Pipeline/Particles/Lit': fallback shader 'Universal Render Pipeline/Particles/SimpleLit' not found
Shader 'Universal Render Pipeline/Particles/Lit': fallback shader 'Universal Render Pipeline/Particles/SimpleLit' not found
Refreshing native plugins compatible for Editor in 0.64 ms, found 3 plugins.
Preloading 0 native plugins for Editor in 0.00 ms.
Unloading 3204 Unused Serialized files (Serialized files now loaded: 0)
System memory in use before: 139.7 MB.
System memory in use after: 136.9 MB.

Unloading 48 unused Assets to reduce memory usage. Loaded Objects now: 3714.
Total: 5.560100 ms (FindLiveObjects: 0.323600 ms CreateObjectMapping: 0.155400 ms MarkObjects: 2.934900 ms  DeleteObjects: 2.145000 ms)

========================================================================
Received Prepare
Shader 'Universal Render Pipeline/Particles/Lit': fallback shader 'Universal Render Pipeline/Particles/SimpleLit' not found
Shader 'Universal Render Pipeline/Particles/Lit': fallback shader 'Universal Render Pipeline/Particles/SimpleLit' not found
Refreshing native plugins compatible for Editor in 4.19 ms, found 3 plugins.
Preloading 0 native plugins for Editor in 0.00 ms.
Unloading 45 Unused Serialized files (Serialized files now loaded: 0)
System memory in use before: 77.3 MB.
System memory in use after: 74.6 MB.

Unloading 45 unused Assets to reduce memory usage. Loaded Objects now: 3714.
Total: 4.849200 ms (FindLiveObjects: 0.335100 ms CreateObjectMapping: 0.162500 ms MarkObjects: 2.711400 ms  DeleteObjects: 1.638700 ms)

========================================================================
Received Prepare
Registering precompiled user dll's ...
Registered in 0.009323 seconds.
Begin MonoManager ReloadAssembly
Native extension for WindowsStandalone target not found
Refreshing native plugins compatible for Editor in 0.77 ms, found 3 plugins.
Preloading 0 native plugins for Editor in 0.00 ms.
Mono: successfully reloaded assembly
- Completed reload, in  1.328 seconds
Platform modules already initialized, skipping
Shader 'Universal Render Pipeline/Particles/Lit': fallback shader 'Universal Render Pipeline/Particles/SimpleLit' not found
Shader 'Universal Render Pipeline/Particles/Lit': fallback shader 'Universal Render Pipeline/Particles/SimpleLit' not found
Refreshing native plugins compatible for Editor in 0.76 ms, found 3 plugins.
Preloading 0 native plugins for Editor in 0.00 ms.
Unloading 3204 Unused Serialized files (Serialized files now loaded: 0)
System memory in use before: 139.7 MB.
System memory in use after: 137.0 MB.

Unloading 48 unused Assets to reduce memory usage. Loaded Objects now: 3717.
Total: 4.564800 ms (FindLiveObjects: 0.316300 ms CreateObjectMapping: 0.136500 ms MarkObjects: 2.621700 ms  DeleteObjects: 1.489100 ms)

AssetImportWorkerClient::OnTransportError - code=2 error=End of file
